22:53:14.275 [main] DEBUG org.testng.TestNG - suiteXmlPath: "D:\workspace\workspace_new\Project-OpenCart\master.xml"
22:53:14.787 [main] INFO  org.testng.internal.Utils - [TestNG] Running:
  D:\workspace\workspace_new\Project-OpenCart\master.xml

22:53:21.986 [main] INFO  testCases.login.LoginPositiveTest - ***** Bắt đầu TC_LF_007_LoginUsingKeyboardKeys *****
22:53:22.201 [main] INFO  pageObjects.HomePage - Thành công: Đã click vào [My Account]
22:53:22.665 [main] INFO  pageObjects.HomePage - Thành công: Đã click vào [Login]
22:53:22.911 [main] INFO  pageObjects.LoginPage - Thành công: Đã nhập giá trị 'phamthuha@gmail.com' vào [Trường Email Address]
22:53:23.075 [main] INFO  pageObjects.LoginPage - Thành công: Đã nhập giá trị 'test@123' vào [Trường Password]
22:53:23.225 [main] INFO  pageObjects.LoginPage - Thành công: Đã click vào [Nút Login]
22:53:24.858 [main] INFO  pageObjects.MyAccountPage - Thành công: Đã click vào [Change Password]
22:53:25.058 [main] INFO  pageObjects.ChangePasswordPage - Thành công: Đã nhập giá trị 'abcd1234' vào [Trường Password]
22:53:25.240 [main] INFO  pageObjects.ChangePasswordPage - Thành công: Đã nhập giá trị 'abcd1234' vào [Trường Confirm Password]
22:53:25.409 [main] INFO  pageObjects.ChangePasswordPage - Thành công: Đã click vào [Nút Continue]
22:53:27.178 [main] INFO  pageObjects.MyAccountPage - Thành công: Đã click vào [Dropdown My Account]
22:53:27.753 [main] INFO  pageObjects.MyAccountPage - Thành công: Đã click vào [Logout]
22:53:27.912 [main] INFO  pageObjects.HomePage - Thành công: Đã click vào [My Account]
22:53:28.307 [main] INFO  pageObjects.HomePage - Thành công: Đã click vào [Login]
22:53:28.522 [main] INFO  pageObjects.LoginPage - Thành công: Đã nhập giá trị 'phamthuha@gmail.com' vào [Trường Email Address]
22:53:28.690 [main] INFO  pageObjects.LoginPage - Thành công: Đã nhập giá trị 'test@123' vào [Trường Password]
22:53:28.850 [main] INFO  pageObjects.LoginPage - Thành công: Đã click vào [Nút Login]
22:58:06.159 [main] DEBUG org.testng.TestNG - suiteXmlPath: "D:\workspace\workspace_new\Project-OpenCart\master.xml"
22:58:06.635 [main] INFO  org.testng.internal.Utils - [TestNG] Running:
  D:\workspace\workspace_new\Project-OpenCart\master.xml

22:58:10.815 [main] INFO  testCases.login.LoginPositiveTest - ***** Bắt đầu TC_LF_007_LoginUsingKeyboardKeys *****
22:58:11.012 [main] INFO  pageObjects.HomePage - Thành công: Đã click vào [My Account]
22:58:11.361 [main] INFO  pageObjects.HomePage - Thành công: Đã click vào [Login]
22:58:11.584 [main] INFO  pageObjects.LoginPage - Thành công: Đã nhập giá trị 'phamthuha@gmail.com' vào [Trường Email Address]
22:58:11.763 [main] INFO  pageObjects.LoginPage - Thành công: Đã nhập giá trị 'test@123' vào [Trường Password]
22:58:12.818 [main] INFO  pageObjects.LoginPage - Thành công: Đã click vào [Nút Login]
22:58:18.184 [main] ERROR pageObjects.MyAccountPage - Lỗi: Không thể click vào [Change Password]. Chi tiết: org.openqa.selenium.NoSuchSessionException: invalid session id: session deleted as the browser has closed the connection
from disconnected: not connected to DevTools
  (Session info: chrome=147.0.7727.101)
Build info: version: '4.41.0', revision: '9fc754f'
System info: os.name: 'Windows 10', os.arch: 'amd64', os.version: '10.0', java.version: '21.0.10'
Driver info: org.openqa.selenium.chrome.ChromeDriver
Command: [53accc1df58b6dbb37a6e5af11c8d49e, findElement {value=//a[normalize-space()='Change your password'], using=xpath}]
Capabilities {acceptInsecureCerts: false, browserName: chrome, browserVersion: 147.0.7727.101, chrome: {chromedriverVersion: 147.0.7727.57 (b4f28b5637d0..., userDataDir: C:\Users\Admin\AppData\Loca...}, fedcm:accounts: true, goog:chromeOptions: {debuggerAddress: localhost:50608}, goog:processID: 8856, networkConnectionEnabled: false, pageLoadStrategy: normal, platformName: windows, proxy: Proxy(), se:cdp: ws://localhost:50608/devtoo..., se:cdpVersion: 147.0.7727.101, setWindowRect: true, strictFileInteractability: false, timeouts: {implicit: 0, pageLoad: 300000, script: 30000}, unhandledPromptBehavior: dismiss and notify, webauthn:extension:credBlob: true, webauthn:extension:largeBlob: true, webauthn:extension:minPinLength: true, webauthn:extension:prf: true, webauthn:virtualAuthenticators: true}
Session ID: 53accc1df58b6dbb37a6e5af11c8d49e
23:00:59.764 [main] DEBUG org.testng.TestNG - suiteXmlPath: "D:\workspace\workspace_new\Project-OpenCart\master.xml"
23:01:00.337 [main] INFO  org.testng.internal.Utils - [TestNG] Running:
  D:\workspace\workspace_new\Project-OpenCart\master.xml

23:01:05.528 [main] INFO  testCases.login.LoginPositiveTest - ***** Bắt đầu TC_LF_007_LoginUsingKeyboardKeys *****
23:01:05.710 [main] INFO  pageObjects.HomePage - Thành công: Đã click vào [My Account]
