00:18:22.947 [main] INFO  pageObjects.AccountRegistrationPage - Thành công: Đã click vào [Trường check Privacy Policy]
00:18:23.008 [main] INFO  pageObjects.AccountRegistrationPage - Thành công: Đã click vào [Nút Continue]
00:18:26.375 [main] INFO  pageObjects.HomePage - Thành công: Đã click vào [My Account]
00:18:26.611 [main] INFO  pageObjects.HomePage - Thành công: Đã click vào [Register]
00:18:26.613 [main] INFO  testCases.register.RegisterValidationTest - ***** Bắt đầu TC_RF_017_verifyPasswordComplexityStandards *****
00:18:26.686 [main] INFO  pageObjects.AccountRegistrationPage - Thành công: Đã nhập giá trị 'Lorrie' vào [Trường First Name]
00:18:26.757 [main] INFO  pageObjects.AccountRegistrationPage - Thành công: Đã nhập giá trị 'Watsica' vào [Trường Last Name]
00:18:26.836 [main] INFO  pageObjects.AccountRegistrationPage - Thành công: Đã nhập giá trị 'erwin.schuster@gmail.com' vào [Trường Email]
00:18:26.909 [main] INFO  pageObjects.AccountRegistrationPage - Thành công: Đã nhập giá trị '234-409-7344' vào [Trường Telephone]
00:18:26.998 [main] INFO  pageObjects.AccountRegistrationPage - Thành công: Đã nhập giá trị 'Abc 1234@' vào [Trường Password]
00:18:27.072 [main] INFO  pageObjects.AccountRegistrationPage - Thành công: Đã nhập giá trị 'Abc 1234@' vào [Trường ConfirmPassword]
00:18:27.135 [main] INFO  pageObjects.AccountRegistrationPage - Thành công: Đã click vào [Lựa chọn Yes trong NewsLetter]
00:18:27.191 [main] INFO  pageObjects.AccountRegistrationPage - Thành công: Đã click vào [Trường check Privacy Policy]
00:18:27.248 [main] INFO  pageObjects.AccountRegistrationPage - Thành công: Đã click vào [Nút Continue]
00:18:30.106 [main] INFO  pageObjects.HomePage - Thành công: Đã click vào [My Account]
00:18:30.357 [main] INFO  pageObjects.HomePage - Thành công: Đã click vào [Register]
00:18:30.358 [main] INFO  testCases.register.RegisterValidationTest - ***** Bắt đầu TC_RF_017_verifyPasswordComplexityStandards *****
00:18:30.434 [main] INFO  pageObjects.AccountRegistrationPage - Thành công: Đã nhập giá trị 'Alissa' vào [Trường First Name]
00:18:30.501 [main] INFO  pageObjects.AccountRegistrationPage - Thành công: Đã nhập giá trị 'Beer' vào [Trường Last Name]
00:18:30.593 [main] INFO  pageObjects.AccountRegistrationPage - Thành công: Đã nhập giá trị 'marylou.welch@yahoo.com' vào [Trường Email]
00:18:30.676 [main] INFO  pageObjects.AccountRegistrationPage - Thành công: Đã nhập giá trị '314.514.8997' vào [Trường Telephone]
00:18:30.749 [main] INFO  pageObjects.AccountRegistrationPage - Thành công: Đã nhập giá trị 'Abc@1234<' vào [Trường Password]
00:18:30.821 [main] INFO  pageObjects.AccountRegistrationPage - Thành công: Đã nhập giá trị 'Abc@1234<' vào [Trường ConfirmPassword]
00:18:30.880 [main] INFO  pageObjects.AccountRegistrationPage - Thành công: Đã click vào [Lựa chọn Yes trong NewsLetter]
00:18:30.938 [main] INFO  pageObjects.AccountRegistrationPage - Thành công: Đã click vào [Trường check Privacy Policy]
00:18:33.255 [main] INFO  pageObjects.AccountRegistrationPage - Thành công: Đã click vào [Nút Continue]
15:27:53.045 [main] DEBUG org.testng.TestNG - suiteXmlPath: "D:\workspace\workspace_new\Project-OpenCart\master.xml"
15:27:53.606 [main] INFO  org.testng.internal.Utils - [TestNG] Running:
  D:\workspace\workspace_new\Project-OpenCart\master.xml

15:28:00.579 [main] INFO  pageObjects.HomePage - Thành công: Đã click vào [My Account]
15:28:01.071 [main] INFO  pageObjects.HomePage - Thành công: Đã click vào [Register]
15:28:01.090 [main] INFO  testCases.register.RegisterUITest - ***** Bắt đầu TC_RF_007_verifyNavigationToRegisterPageFromDifferentLinks *****
15:28:01.162 [main] INFO  pageObjects.AccountRegistrationPage - Thành công: Đã lấy được text từ [Trang đăng ký] là: 'Register Account'
15:28:01.338 [main] INFO  pageObjects.AccountRegistrationPage - Thành công: Đã click vào [My Account]
15:28:01.836 [main] INFO  pageObjects.AccountRegistrationPage - Thành công: Đã click vào [Login]
15:28:02.357 [main] INFO  pageObjects.LoginPage - Thành công: Đã click vào [Continue in New Customer of LoginPage]
15:28:02.407 [main] INFO  pageObjects.AccountRegistrationPage - Thành công: Đã lấy được text từ [Trang đăng ký] là: 'Register Account'
15:28:02.526 [main] INFO  pageObjects.AccountRegistrationPage - Thành công: Đã click vào [My Account]
15:28:02.935 [main] INFO  pageObjects.AccountRegistrationPage - Thành công: Đã click vào [Login]
15:28:03.452 [main] INFO  pageObjects.LoginPage - Thành công: Đã click vào [Register in the right column]
15:28:03.498 [main] INFO  pageObjects.AccountRegistrationPage - Thành công: Đã lấy được text từ [Trang đăng ký] là: 'Register Account'
