21:15:00.686 [main] INFO  pageObjects.LoginPage - Kiểm tra trạng thái hiển thị của [Tiêu đề Returning Customer]: Đang hiển thị.
21:15:00.693 [main] INFO  testCases.login.LoginUITest - ***** Kết thúc TC_LF_010_BrowsingBackAfterLogout *****
21:43:47.730 [main] DEBUG org.testng.TestNG - suiteXmlPath: "D:\workspace\workspace_new\Project-OpenCart\master.xml"
21:43:48.287 [main] INFO  org.testng.internal.Utils - [TestNG] Running:
  D:\workspace\workspace_new\Project-OpenCart\master.xml

21:43:53.827 [main] INFO  testCases.login.LoginUITest - ***** Bắt đầu TC_LF_006_ForgottenPasswordLink *****
21:43:54.041 [main] INFO  pageObjects.HomePage - Thành công: Đã click vào [My Account]
21:43:54.511 [main] INFO  pageObjects.HomePage - Thành công: Đã click vào [Login]
21:43:54.553 [main] INFO  pageObjects.LoginPage - Kiểm tra trạng thái hiển thị của [Tiêu đề Returning Customer]: Đang hiển thị.
21:43:54.594 [main] INFO  pageObjects.LoginPage - Kiểm tra trạng thái hiển thị của [Link Forgotten Password]: Đang hiển thị.
21:43:55.091 [main] INFO  pageObjects.LoginPage - Thành công: Đã click vào [Link Forgotten Password]
21:43:55.154 [main] INFO  pageObjects.ForgotPasswordPage - Thành công: Đã lấy được text từ [Heading trang Forgotten Password] là: 'Forgot Your Password?'
21:43:55.154 [main] INFO  testCases.login.LoginUITest - ***** Kết thúc TC_LF_006_ForgottenPasswordLink *****
21:43:55.992 [main] INFO  testCases.login.LoginUITest - ***** Bắt đầu TC_LF_008_PlaceholderText *****
21:43:56.129 [main] INFO  pageObjects.HomePage - Thành công: Đã click vào [My Account]
21:43:56.588 [main] INFO  pageObjects.HomePage - Thành công: Đã click vào [Login]
21:43:56.653 [main] INFO  pageObjects.LoginPage - Thành công: Đã lấy được attribute [placeholder] từ [Trường Email] là: 'E-Mail Address'
21:43:56.695 [main] INFO  pageObjects.LoginPage - Thành công: Đã lấy được attribute [placeholder] từ [Trường Password] là: 'Password'
21:43:56.695 [main] INFO  testCases.login.LoginUITest - ***** Kết thúc TC_LF_008_PlaceholderText *****
21:43:57.490 [main] INFO  testCases.login.LoginUITest - ***** Bắt đầu TC_LF_009_BrowsingBackAfterLogin *****
21:43:57.623 [main] INFO  pageObjects.HomePage - Thành công: Đã click vào [My Account]
21:43:58.058 [main] INFO  pageObjects.HomePage - Thành công: Đã click vào [Login]
21:43:58.271 [main] INFO  pageObjects.LoginPage - Thành công: Đã nhập giá trị 'phamthuha7204@gmail.com' vào [Trường Email Address]
21:43:58.465 [main] INFO  pageObjects.LoginPage - Thành công: Đã nhập giá trị 'test@123' vào [Trường Password]
21:43:59.012 [main] INFO  pageObjects.LoginPage - Thành công: Đã click vào [Nút Login]
21:43:59.474 [main] INFO  pageObjects.MyAccountPage - Kiểm tra trạng thái hiển thị của [My Account]: Đang hiển thị.
21:43:59.475 [main] INFO  testCases.login.LoginUITest - ***** Kết thúc TC_LF_009_BrowsingBackAfterLogin *****
21:44:00.299 [main] INFO  testCases.login.LoginUITest - ***** Bắt đầu TC_LF_010_BrowsingBackAfterLogout *****
21:44:00.427 [main] INFO  pageObjects.HomePage - Thành công: Đã click vào [My Account]
21:44:00.844 [main] INFO  pageObjects.HomePage - Thành công: Đã click vào [Login]
21:44:01.017 [main] INFO  pageObjects.LoginPage - Thành công: Đã nhập giá trị 'phamthuha7204@gmail.com' vào [Trường Email Address]
21:44:01.159 [main] INFO  pageObjects.LoginPage - Thành công: Đã nhập giá trị 'test@123' vào [Trường Password]
21:44:01.308 [main] INFO  pageObjects.LoginPage - Thành công: Đã click vào [Nút Login]
21:44:01.894 [main] INFO  pageObjects.MyAccountPage - Thành công: Đã click vào [Dropdown My Account]
21:44:02.405 [main] INFO  pageObjects.MyAccountPage - Thành công: Đã click vào [Logout]
21:44:02.792 [main] INFO  pageObjects.LoginPage - Kiểm tra trạng thái hiển thị của [Tiêu đề Returning Customer]: Đang hiển thị.
21:44:02.792 [main] INFO  testCases.login.LoginUITest - ***** Kết thúc TC_LF_010_BrowsingBackAfterLogout *****
21:44:03.567 [main] INFO  testCases.login.LoginUITest - ***** TC_LF_019_MapsToDifferentPages *****
21:44:03.691 [main] INFO  pageObjects.HomePage - Thành công: Đã click vào [My Account]
21:44:04.117 [main] INFO  pageObjects.HomePage - Thành công: Đã click vào [Login]
21:44:04.118 [main] INFO  testCases.login.LoginUITest - ***** TC_LF_019_MapsToDifferentPages *****
21:44:04.911 [main] INFO  testCases.login.LoginUITest - ***** TC_LF_020_DifferentWaysOfNavigatingToLogin *****
21:44:05.041 [main] INFO  pageObjects.HomePage - Thành công: Đã click vào [My Account]
21:44:05.661 [main] INFO  pageObjects.HomePage - Thành công: Đã click vào [Register]
21:44:06.150 [main] INFO  pageObjects.AccountRegistrationPage - Thành công: Đã click vào [Link Login Page]
