23:45:51.423 [main] INFO  pageObjects.AccountRegistrationPage - Thành công: Đã nhập giá trị 'Okuneva' vào [Trường Last Name]
23:45:51.490 [main] INFO  pageObjects.AccountRegistrationPage - Thành công: Đã nhập giá trị '' vào [Trường Email]
23:45:51.572 [main] INFO  pageObjects.AccountRegistrationPage - Thành công: Đã nhập giá trị '(369) 482-7744' vào [Trường Telephone]
23:45:51.645 [main] INFO  pageObjects.AccountRegistrationPage - Thành công: Đã nhập giá trị 'tlq3wh' vào [Trường Password]
23:45:51.716 [main] INFO  pageObjects.AccountRegistrationPage - Thành công: Đã nhập giá trị 'tlq3wh' vào [Trường ConfirmPassword]
23:45:51.782 [main] INFO  pageObjects.AccountRegistrationPage - Thành công: Đã click vào [Lựa chọn Yes trong NewsLetter]
23:45:51.850 [main] INFO  pageObjects.AccountRegistrationPage - Thành công: Đã click vào [Trường check Privacy Policy]
23:45:52.468 [main] INFO  pageObjects.AccountRegistrationPage - Thành công: Đã click vào [Nút Continue]
23:45:52.500 [main] INFO  pageObjects.AccountRegistrationPage - Thành công: Đã lấy được text từ [Thông báo lỗi trường Email] là: 'E-Mail Address does not appear to be valid!'
23:45:52.503 [main] INFO  testCases.register.RegisterValidationTest - ***** Kết thúc TC_EmailValidation *****
23:45:53.075 [main] INFO  pageObjects.HomePage - Thành công: Đã click vào [My Account]
23:45:53.294 [main] INFO  pageObjects.HomePage - Thành công: Đã click vào [Register]
23:45:53.296 [main] INFO  testCases.register.RegisterValidationTest - ***** Bắt đầu TC_RF_004_verifyWarningForEmptyMandatoryFields *****
23:45:53.367 [main] INFO  pageObjects.AccountRegistrationPage - Thành công: Đã click vào [Nút Continue]
23:45:53.600 [main] INFO  pageObjects.AccountRegistrationPage - Thành công: Đã lấy được text từ [Thông báo lỗi trường First Name] là: 'First Name must be between 1 and 32 characters!'
23:45:53.630 [main] INFO  pageObjects.AccountRegistrationPage - Thành công: Đã lấy được text từ [Thông báo lỗi trường Last Name] là: 'Last Name must be between 1 and 32 characters!'
23:45:53.655 [main] INFO  pageObjects.AccountRegistrationPage - Thành công: Đã lấy được text từ [Thông báo lỗi trường Email] là: 'E-Mail Address does not appear to be valid!'
23:45:53.682 [main] INFO  pageObjects.AccountRegistrationPage - Thành công: Đã lấy được text từ [Thông báo lỗi trường Phone] là: 'Telephone must be between 3 and 32 characters!'
23:45:53.705 [main] INFO  pageObjects.AccountRegistrationPage - Thành công: Đã lấy được text từ [Thông báo lỗi trường Password] là: 'Password must be between 4 and 20 characters!'
23:45:53.761 [main] INFO  pageObjects.AccountRegistrationPage - Thành công: Đã lấy được text từ [Thông báo lỗi trường Privacy Policy] là: 'Warning: You must agree to the Privacy Policy!'
23:45:53.761 [main] INFO  testCases.register.RegisterValidationTest - ***** Kết thúc TC_RF_004_verifyWarningForEmptyMandatoryFields *****
23:52:01.814 [main] DEBUG org.testng.TestNG - suiteXmlPath: "D:\workspace\workspace_new\Project-OpenCart\master.xml"
23:52:02.045 [main] INFO  org.testng.internal.Utils - [TestNG] Running:
  D:\workspace\workspace_new\Project-OpenCart\master.xml

23:52:07.245 [main] INFO  pageObjects.HomePage - Thành công: Đã click vào [My Account]
23:52:07.568 [main] INFO  pageObjects.HomePage - Thành công: Đã click vào [Register]
23:52:07.576 [main] INFO  testCases.register.RegisterValidationTest - ***** Bắt đầu TC_EmailValidation *****
23:52:07.845 [main] INFO  pageObjects.AccountRegistrationPage - Thành công: Đã nhập giá trị 'Troy' vào [Trường First Name]
23:52:07.928 [main] INFO  pageObjects.AccountRegistrationPage - Thành công: Đã nhập giá trị 'Cassin' vào [Trường Last Name]
23:52:07.999 [main] INFO  pageObjects.AccountRegistrationPage - Thành công: Đã nhập giá trị 'abc@' vào [Trường Email]
23:52:08.082 [main] INFO  pageObjects.AccountRegistrationPage - Thành công: Đã nhập giá trị '1-650-308-1900' vào [Trường Telephone]
23:52:08.195 [main] INFO  pageObjects.AccountRegistrationPage - Thành công: Đã nhập giá trị 'lpk2a2' vào [Trường Password]
23:52:08.271 [main] INFO  pageObjects.AccountRegistrationPage - Thành công: Đã nhập giá trị 'lpk2a2' vào [Trường ConfirmPassword]
23:52:08.341 [main] INFO  pageObjects.AccountRegistrationPage - Thành công: Đã click vào [Lựa chọn Yes trong NewsLetter]
23:52:08.406 [main] INFO  pageObjects.AccountRegistrationPage - Thành công: Đã click vào [Trường check Privacy Policy]
23:52:08.486 [main] INFO  pageObjects.AccountRegistrationPage - Thành công: Đã click vào [Nút Continue]
23:52:18.798 [main] ERROR pageObjects.AccountRegistrationPage - Lỗi: Không tìm thấy text tại [Thông báo lỗi trường Email]. Chi tiết: org.openqa.selenium.TimeoutException: Expected condition failed: waiting for visibility of element found by By.xpath: //input[@name='email']/following-sibling::div[@class='text-danger'], but... org.openqa.selenium.NoSuchElementException: no such element: Unable to locate element: {"method":"xpath","selector":"//input[@name='email']/following-sibling::div[@class='text-danger']"}.
(tried for 10 seconds with 500 milliseconds interval)
Build info: version: '4.41.0', revision: '9fc754f'
System info: os.name: 'Windows 10', os.arch: 'amd64', os.version: '10.0', java.version: '21.0.10'
Driver info: org.openqa.selenium.chrome.ChromeDriver
Capabilities {acceptInsecureCerts: false, browserName: chrome, browserVersion: 147.0.7727.101, chrome: {chromedriverVersion: 147.0.7727.57 (b4f28b5637d0..., userDataDir: C:\Users\Admin\AppData\Loca...}, fedcm:accounts: true, goog:chromeOptions: {debuggerAddress: localhost:50420}, goog:processID: 10968, networkConnectionEnabled: false, pageLoadStrategy: normal, platformName: windows, proxy: Proxy(), se:cdp: ws://localhost:50420/devtoo..., se:cdpVersion: 147.0.7727.101, setWindowRect: true, strictFileInteractability: false, timeouts: {implicit: 0, pageLoad: 300000, script: 30000}, unhandledPromptBehavior: dismiss and notify, webauthn:extension:credBlob: true, webauthn:extension:largeBlob: true, webauthn:extension:minPinLength: true, webauthn:extension:prf: true, webauthn:virtualAuthenticators: true}
Session ID: ff445be128f2659d05164e4c5b4149c3
