21:28:59.473 [main] INFO  pageObjects.LoginPage - Thành công: Đã nhập giá trị 'hathuha@gmail.com' vào [Trường Email Address]
21:28:59.644 [main] INFO  pageObjects.LoginPage - Thành công: Đã nhập giá trị 'wrong_password' vào [Trường Password]
21:28:59.782 [main] INFO  pageObjects.LoginPage - Thành công: Đã click vào [Nút Login]
21:29:01.130 [main] INFO  pageObjects.LoginPage - Thành công: Đã click vào [Nút Login]
21:29:01.616 [main] INFO  pageObjects.LoginPage - Thành công: Đã click vào [Nút Login]
21:29:02.078 [main] INFO  pageObjects.LoginPage - Thành công: Đã click vào [Nút Login]
21:29:02.540 [main] INFO  pageObjects.LoginPage - Thành công: Đã click vào [Nút Login]
21:29:03.005 [main] INFO  pageObjects.LoginPage - Thành công: Đã click vào [Nút Login]
21:29:03.094 [main] INFO  pageObjects.LoginPage - Thành công: Đã lấy được text từ [Cảnh báo đăng nhập sai vượt quá số lần cho phép] là: 'Warning: Your account has exceeded allowed number of login attempts. Please try again in 1 hour.'
21:29:03.094 [main] INFO  testCases.login.LoginNegativeTest - ***** Kết thúc TC_LF_012_UnsuccessfulLoginAttempts *****
21:29:23.863 [main] DEBUG org.testng.TestNG - suiteXmlPath: "D:\workspace\workspace_new\Project-OpenCart\master.xml"
21:29:24.419 [main] INFO  org.testng.internal.Utils - [TestNG] Running:
  D:\workspace\workspace_new\Project-OpenCart\master.xml

21:29:28.279 [main] INFO  pageObjects.HomePage - Thành công: Đã click vào [My Account]
21:29:28.739 [main] INFO  pageObjects.HomePage - Thành công: Đã click vào [Login]
21:29:28.754 [main] INFO  testCases.login.LoginSecurityTest - ***** Bắt đầu TC_LF_013_PasswordVisibilityToggled *****
21:29:28.959 [main] INFO  pageObjects.LoginPage - Thành công: Đã nhập giá trị 'test@123' vào [Trường Password]
21:29:29.063 [main] INFO  pageObjects.LoginPage - Thành công: Đã lấy được attribute [type] từ [Trường Password] là: 'password'
21:29:29.066 [main] INFO  testCases.login.LoginSecurityTest - ***** Kết thúc TC_LF_013_PasswordVisibilityToggled *****
21:29:30.063 [main] INFO  pageObjects.HomePage - Thành công: Đã click vào [My Account]
21:29:30.506 [main] INFO  pageObjects.HomePage - Thành công: Đã click vào [Login]
21:29:30.510 [main] INFO  testCases.login.LoginSecurityTest - ***** Bắt đầu TC_LF_015_PasswordNotVisibleInPageSource *****
21:29:30.667 [main] INFO  pageObjects.LoginPage - Thành công: Đã nhập giá trị 'abcd' vào [Trường Password]
21:29:30.711 [main] INFO  pageObjects.LoginPage - Thành công: Đã lấy được attribute [type] từ [Trường Password] là: 'password'
21:29:30.872 [main] INFO  pageObjects.LoginPage - Thành công: Đã click vào [Nút Login]
21:29:31.236 [main] INFO  pageObjects.LoginPage - Thành công: Đã lấy được attribute [type] từ [Trường Password] là: 'password'
21:29:31.282 [main] INFO  pageObjects.LoginPage - Thành công: Đã lấy được attribute [outerHTML] từ [Trường Password] là: '<input type="password" name="password" value="abcd" placeholder="Password" id="input-password" class="form-control">'
21:29:32.407 [main] INFO  pageObjects.HomePage - Thành công: Đã click vào [My Account]
21:29:32.858 [main] INFO  pageObjects.HomePage - Thành công: Đã click vào [Login]
21:29:32.861 [main] INFO  testCases.login.LoginSecurityTest - ***** Bắt đầu TC_LF_018_LoginSessionTimeout *****
21:29:33.052 [main] INFO  pageObjects.LoginPage - Thành công: Đã nhập giá trị 'phamthuha2004@gmail.com' vào [Trường Email Address]
21:29:33.209 [main] INFO  pageObjects.LoginPage - Thành công: Đã nhập giá trị 'password' vào [Trường Password]
21:29:33.350 [main] INFO  pageObjects.LoginPage - Thành công: Đã click vào [Nút Login]
21:29:43.756 [main] INFO  pageObjects.MyAccountPage - Lỗi: Phần tử [My Account] không hiển thị
21:32:20.033 [main] DEBUG org.testng.TestNG - suiteXmlPath: "D:\workspace\workspace_new\Project-OpenCart\master.xml"
21:32:20.557 [main] INFO  org.testng.internal.Utils - [TestNG] Running:
  D:\workspace\workspace_new\Project-OpenCart\master.xml

21:32:24.344 [main] INFO  pageObjects.HomePage - Thành công: Đã click vào [My Account]
21:32:24.784 [main] INFO  pageObjects.HomePage - Thành công: Đã click vào [Login]
21:32:24.799 [main] INFO  testCases.login.LoginSecurityTest - ***** Bắt đầu TC_LF_013_PasswordVisibilityToggled *****
21:32:25.000 [main] INFO  pageObjects.LoginPage - Thành công: Đã nhập giá trị 'test@123' vào [Trường Password]
21:32:25.050 [main] INFO  pageObjects.LoginPage - Thành công: Đã lấy được attribute [type] từ [Trường Password] là: 'password'
21:32:25.054 [main] INFO  testCases.login.LoginSecurityTest - ***** Kết thúc TC_LF_013_PasswordVisibilityToggled *****
21:32:25.963 [main] INFO  pageObjects.HomePage - Thành công: Đã click vào [My Account]
