03:48:53.196 [main] INFO  pageObjects.CheckoutPage - Thành công: Đã lấy được attribute [aria-expanded] từ [Section Billing Detail] là: 'true'
03:48:53.259 [main] INFO  pageObjects.CheckoutPage - Kiểm tra trạng thái hiển thị của [My delivery and billing addresses are the same.]: Đang được chọn.true
03:48:53.843 [main] INFO  pageObjects.CheckoutPage - Thành công: Đã nhập giá trị 'Frieda' vào [First Name]
03:48:54.012 [main] INFO  pageObjects.CheckoutPage - Thành công: Đã nhập giá trị 'Wunsch' vào [Last Name]
03:48:54.204 [main] INFO  pageObjects.CheckoutPage - Thành công: Đã nhập giá trị 'gearldine.kassulke@yahoo.com' vào [Email]
03:48:54.378 [main] INFO  pageObjects.CheckoutPage - Thành công: Đã nhập giá trị '831-654-9107' vào [Telephone]
03:48:54.545 [main] INFO  pageObjects.CheckoutPage - Thành công: Đã nhập giá trị 'vl3e8b437wu' vào [Password]
03:48:54.711 [main] INFO  pageObjects.CheckoutPage - Thành công: Đã nhập giá trị 'vl3e8b437wu' vào [Password Confirm]
03:48:54.897 [main] INFO  pageObjects.CheckoutPage - Thành công: Đã nhập giá trị 'Johnston-Nader' vào [Company]
03:48:55.114 [main] INFO  pageObjects.CheckoutPage - Thành công: Đã nhập giá trị 'Minh Khai - Bắc Từ Liêm - Hà Nội - Việt Nam' vào [Address1]
03:48:55.336 [main] INFO  pageObjects.CheckoutPage - Thành công: Đã nhập giá trị 'Minh Khai - Bắc Từ Liêm - Hà Nội - Việt Nam' vào [Address2]
03:48:55.510 [main] INFO  pageObjects.CheckoutPage - Thành công: Đã nhập giá trị 'Hà Nội' vào [City]
03:48:55.682 [main] INFO  pageObjects.CheckoutPage - Thành công: Đã nhập giá trị '833429' vào [Post Code]
03:48:55.719 [main] INFO  pageObjects.CheckoutPage - Thành công: Đã lấy phần tử Country
03:48:56.053 [main] INFO  pageObjects.CheckoutPage - Thành công: Đã lấy phần tử Region/state
03:48:56.367 [main] INFO  pageObjects.CheckoutPage - Thành công: Đã click vào [Policy Privacy]
03:48:56.514 [main] INFO  pageObjects.CheckoutPage - Thành công: Đã click vào [Continue-Register]
03:48:59.225 [main] ERROR pageObjects.CheckoutPage - Lỗi: Không tìm thấy attribute tại [Section Delivery Method]. Chi tiết: org.openqa.selenium.UnhandledAlertException: unexpected alert open: {Alert text : SyntaxError: Unexpected token '<', "<b>Warning"... is not valid JSON
OK
<b>Warning</b>: mail(): Failed to connect to mailserver at &quot;localhost&quot; port 25, verify your &quot;SMTP&quot; and &quot;smtp_port&quot; setting in php.ini or use ini_set() in <b>C:\xampp\htdocs\opencart\upload\system\library\mail\mail.php</b> on line <b>83</b>[]}
  (Session info: chrome=147.0.7727.119): SyntaxError: Unexpected token '<', "<b>Warning"... is not valid JSON
OK
<b>Warning</b>: mail(): Failed to connect to mailserver at &quot;localhost&quot; port 25, verify your &quot;SMTP&quot; and &quot;smtp_port&quot; setting in php.ini or use ini_set() in <b>C:\xampp\htdocs\opencart\upload\system\library\mail\mail.php</b> on line <b>83</b>[]
Build info: version: '4.41.0', revision: '9fc754f'
System info: os.name: 'Windows 10', os.arch: 'amd64', os.version: '10.0', java.version: '21.0.10'
Driver info: org.openqa.selenium.chrome.ChromeDriver
Command: [dd5599fa02432126227f486c579a8886, findElement {using=css selector, value=#collapse-shipping-method}]
Capabilities {acceptInsecureCerts: false, browserName: chrome, browserVersion: 147.0.7727.119, chrome: {chromedriverVersion: 147.0.7727.117 (474cc805edd..., userDataDir: C:\Users\Admin\AppData\Loca...}, fedcm:accounts: true, goog:chromeOptions: {debuggerAddress: localhost:55888}, goog:processID: 10152, networkConnectionEnabled: false, pageLoadStrategy: normal, platformName: windows, proxy: Proxy(), se:cdp: ws://localhost:55888/devtoo..., se:cdpVersion: 147.0.7727.119, setWindowRect: true, strictFileInteractability: false, timeouts: {implicit: 0, pageLoad: 300000, script: 30000}, unhandledPromptBehavior: dismiss and notify, webauthn:extension:credBlob: true, webauthn:extension:largeBlob: true, webauthn:extension:minPinLength: true, webauthn:extension:prf: true, webauthn:virtualAuthenticators: true}
Session ID: dd5599fa02432126227f486c579a8886
03:51:23.662 [main] DEBUG org.testng.TestNG - suiteXmlPath: "D:\workspace\workspace_new\Project-OpenCart\master.xml"
03:51:24.188 [main] INFO  org.testng.internal.Utils - [TestNG] Running:
  D:\workspace\workspace_new\Project-OpenCart\master.xml

03:51:28.251 [main] INFO  testCases.checkout.CheckoutPositiveTest - ***** Bắt đầu TC_CO_017_Checkout_NewUserRegistration *****
03:51:28.487 [main] INFO  pageObjects.HomePage - Thành công: Đã nhập giá trị 'iMac' vào [Ô tìm kiếm]
03:51:29.297 [main] INFO  pageObjects.HomePage - Thành công: Đã click vào [Nút tìm kiếm]
03:51:29.458 [main] INFO  pageObjects.SearchPage - Thành công: Đã click vào [Nút thêm sản phẩm vào giỏ hàng]
03:51:30.131 [main] INFO  pageObjects.SearchPage - Thành công: Đã click vào [Shopping Cart]
