23:22:13.420 [main] INFO  pageObjects.AccountRegistrationPage - Lỗi: Phần tử [Thông báo lỗi trường First Name] không hiển thị
23:22:23.749 [main] INFO  pageObjects.AccountRegistrationPage - Lỗi: Phần tử [Thông báo lỗi trường Last Name] không hiển thị
23:22:34.057 [main] INFO  pageObjects.AccountRegistrationPage - Lỗi: Phần tử [Thông báo lỗi trường Email] không hiển thị
23:22:44.395 [main] INFO  pageObjects.AccountRegistrationPage - Lỗi: Phần tử [Thông báo lỗi trường Phone] không hiển thị
23:22:54.721 [main] INFO  pageObjects.AccountRegistrationPage - Lỗi: Phần tử [Thông báo lỗi trường Password] không hiển thị
23:23:05.044 [main] INFO  pageObjects.AccountRegistrationPage - Lỗi: Phần tử [Thông báo lỗi trường Confirm Password] không hiển thị
23:23:15.353 [main] INFO  pageObjects.AccountRegistrationPage - Lỗi: Phần tử [Thông báo lỗi trường Privacy Policy] không hiển thị
23:46:03.585 [main] DEBUG org.testng.TestNG - suiteXmlPath: "D:\workspace\workspace_new\Project-OpenCart\master.xml"
23:46:03.804 [main] INFO  org.testng.internal.Utils - [TestNG] Running:
  D:\workspace\workspace_new\Project-OpenCart\master.xml

23:46:07.718 [main] INFO  testCases.register.RegisterValidationTest - ***** Bắt đầu TC_RF_004_verifyWarningForEmptyMandatoryFields *****
23:46:07.823 [main] INFO  pageObjects.HomePage - Thành công: Đã click vào [My Account]
23:46:08.197 [main] INFO  pageObjects.HomePage - Thành công: Đã click vào [Register]
23:46:08.503 [main] INFO  pageObjects.AccountRegistrationPage - Thành công: Đã click vào [Nút Continue]
23:46:08.539 [main] INFO  pageObjects.AccountRegistrationPage - Thành công: Đã lấy được text từ [Thông báo lỗi trường First Name] là: 'First Name must be between 1 and 32 characters!'
23:46:08.569 [main] INFO  pageObjects.AccountRegistrationPage - Thành công: Đã lấy được text từ [Thông báo lỗi trường Last Name] là: 'Last Name must be between 1 and 32 characters!'
23:46:08.594 [main] INFO  pageObjects.AccountRegistrationPage - Thành công: Đã lấy được text từ [Thông báo lỗi trường Email] là: 'E-Mail Address does not appear to be valid!'
23:46:08.619 [main] INFO  pageObjects.AccountRegistrationPage - Thành công: Đã lấy được text từ [Thông báo lỗi trường Phone] là: 'Telephone must be between 3 and 32 characters!'
23:46:08.645 [main] INFO  pageObjects.AccountRegistrationPage - Thành công: Đã lấy được text từ [Thông báo lỗi trường Password] là: 'Password must be between 4 and 20 characters!'
23:46:18.988 [main] ERROR pageObjects.AccountRegistrationPage - Lỗi: Không tìm thấy text tại [Thông báo lỗi trường Confirm Password]. Chi tiết: org.openqa.selenium.TimeoutException: Expected condition failed: waiting for visibility of element found by By.xpath: //input[@name='confirm']/following-sibling::div[@class='text-danger'], but... org.openqa.selenium.NoSuchElementException: no such element: Unable to locate element: {"method":"xpath","selector":"//input[@name='confirm']/following-sibling::div[@class='text-danger']"}.
(tried for 10 seconds with 500 milliseconds interval)
Build info: version: '4.41.0', revision: '9fc754f'
System info: os.name: 'Windows 10', os.arch: 'amd64', os.version: '10.0', java.version: '21.0.10'
Driver info: org.openqa.selenium.chrome.ChromeDriver
Capabilities {acceptInsecureCerts: false, browserName: chrome, browserVersion: 147.0.7727.101, chrome: {chromedriverVersion: 147.0.7727.57 (b4f28b5637d0..., userDataDir: C:\Users\Admin\AppData\Loca...}, fedcm:accounts: true, goog:chromeOptions: {debuggerAddress: localhost:54995}, goog:processID: 17272, networkConnectionEnabled: false, pageLoadStrategy: normal, platformName: windows, proxy: Proxy(), se:cdp: ws://localhost:54995/devtoo..., se:cdpVersion: 147.0.7727.101, setWindowRect: true, strictFileInteractability: false, timeouts: {implicit: 0, pageLoad: 300000, script: 30000}, unhandledPromptBehavior: dismiss and notify, webauthn:extension:credBlob: true, webauthn:extension:largeBlob: true, webauthn:extension:minPinLength: true, webauthn:extension:prf: true, webauthn:virtualAuthenticators: true}
Session ID: b8947542f6376c2d59c7dddcd838bd64
23:46:53.611 [main] DEBUG org.testng.TestNG - suiteXmlPath: "D:\workspace\workspace_new\Project-OpenCart\master.xml"
23:46:53.828 [main] INFO  org.testng.internal.Utils - [TestNG] Running:
  D:\workspace\workspace_new\Project-OpenCart\master.xml

23:46:56.832 [main] INFO  testCases.register.RegisterValidationTest - ***** Bắt đầu TC_RF_004_verifyWarningForEmptyMandatoryFields *****
23:46:56.947 [main] INFO  pageObjects.HomePage - Thành công: Đã click vào [My Account]
23:46:57.371 [main] INFO  pageObjects.HomePage - Thành công: Đã click vào [Register]
23:46:57.653 [main] INFO  pageObjects.AccountRegistrationPage - Thành công: Đã click vào [Nút Continue]
